<?xml version="1.0" encoding="UTF-8"?>
<!-- Generated by org.testng.reporters.JUnitXMLReporter -->
<testsuite hostname="LAPTOP-JIEOSS87" ignored="4" name="Default test(failed)" tests="1" failures="0" timestamp="10 Apr 2021 06:52:58 GMT" time="0.063" errors="0">
  <testcase name="sample20" time="0.016" classname="org.sample.Testngrerun"/>
  <testcase name="sample0" time="0.0" classname="org.sample.Testngrerun">
    <ignored/>
  </testcase> <!-- sample0 -->
  <testcase name="sample40" time="0.0" classname="org.sample.Testngrerun">
    <ignored/>
  </testcase> <!-- sample40 -->
  <testcase name="sample30" time="0.0" classname="org.sample.Testngrerun">
    <ignored/>
  </testcase> <!-- sample30 -->
  <testcase name="sample10" time="0.0" classname="org.sample.Testngrerun">
    <ignored/>
  </testcase> <!-- sample10 -->
</testsuite> <!-- Default test(failed) -->
