<?xml version="1.0" encoding="UTF-8"?>
<testng-results skipped="0" failed="0" ignored="4" total="5" passed="1">
  <reporter-output>
  </reporter-output>
  <suite name="Failed suite [Default suite]" duration-ms="63" started-at="2021-04-10T06:52:58Z" finished-at="2021-04-10T06:52:58Z">
    <groups>
    </groups>
    <test name="Default test(failed)" duration-ms="63" started-at="2021-04-10T06:52:58Z" finished-at="2021-04-10T06:52:58Z">
      <class name="org.sample.Testngrerun">
        <test-method status="PASS" signature="sample20()[pri:0, instance:org.sample.Testngrerun@61832929]" name="sample20" duration-ms="16" started-at="2021-04-10T06:52:58Z" finished-at="2021-04-10T06:52:58Z">
          <reporter-output>
          </reporter-output>
        </test-method> <!-- sample20 -->
      </class> <!-- org.sample.Testngrerun -->
    </test> <!-- Default test(failed) -->
  </suite> <!-- Failed suite [Default suite] -->
</testng-results>
